<?xml version="1.0" encoding="UTF-8"?>
<!-- Generated by org.testng.reporters.JUnitReportReporter -->
<testsuite skipped="0" hostname="DESKTOP-A4C78R8" name="com.tests.LoginTest1" tests="4" failures="0" timestamp="2023-05-03T12:00:15 IST" time="1.292" errors="0">
  <testcase name="loginTest1" time="0.634" classname="com.tests.LoginTest1"/>
  <system-out/>
  <testcase name="DashBoardTest" time="0.157" classname="com.tests.LoginTest1"/>
  <system-out/>
  <testcase name="userClickTest" time="0.213" classname="com.tests.LoginTest1"/>
  <system-out/>
  <testcase name="addUserBtnClick" time="0.288" classname="com.tests.LoginTest1"/>
  <system-out/>
</testsuite> <!-- com.tests.LoginTest1 -->
