<?xml version="1.0" encoding="UTF-8"?>
<!-- Generated by org.testng.reporters.JUnitReportReporter -->
<testsuite skipped="0" hostname="DESKTOP-A4C78R8" name="com.tests.DemoTest" tests="1" failures="0" timestamp="2023-04-25T12:55:44 IST" time="0.012" errors="0">
  <testcase name="test1" time="0.012" classname="com.tests.DemoTest"/>
  <system-out/>
</testsuite> <!-- com.tests.DemoTest -->
