<?xml version="1.0" encoding="UTF-8"?>
<!-- Generated by org.testng.reporters.JUnitReportReporter -->
<testsuite skipped="0" hostname="DESKTOP-A4C78R8" name="com.tests.LoginTest" tests="1" failures="0" timestamp="2023-05-02T21:16:54 IST" time="1.034" errors="0">
  <testcase name="loginTest1" time="1.034" classname="com.tests.LoginTest"/>
  <system-out/>
</testsuite> <!-- com.tests.LoginTest -->
