<?xml version="1.0" encoding="UTF-8"?>
<!-- Generated by org.testng.reporters.JUnitReportReporter -->
<testsuite skipped="0" hostname="DESKTOP-A4C78R8" name="com.tests.LoginTestAndRegisterTest" tests="4" failures="0" timestamp="2023-05-06T16:49:03 IST" time="5.752" errors="0">
  <testcase name="loginTest" time="3.783" classname="com.tests.LoginTestAndRegisterTest"/>
  <system-out/>
  <testcase name="registerTest" time="1.160" classname="com.tests.LoginTestAndRegisterTest"/>
  <system-out/>
  <testcase name="alreadyMemberTest" time="0.242" classname="com.tests.LoginTestAndRegisterTest"/>
  <system-out/>
  <testcase name="loginTestAgain" time="0.567" classname="com.tests.LoginTestAndRegisterTest"/>
  <system-out/>
</testsuite> <!-- com.tests.LoginTestAndRegisterTest -->
